<?xml version="1.0" encoding="UTF-8"?>
<testng-results ignored="0" total="1" passed="1" failed="0" skipped="0">
  <reporter-output>
  </reporter-output>
  <suite started-at="2022-11-16T17:52:17 EET" name="Default suite" finished-at="2022-11-16T17:52:29 EET" duration-ms="12233">
    <groups>
    </groups>
    <test started-at="2022-11-16T17:52:17 EET" name="Default test" finished-at="2022-11-16T17:52:29 EET" duration-ms="12233">
      <class name="driver.Html">
        <test-method is-config="true" signature="login()[pri:0, instance:driver.Html@6e20b53a]" started-at="2022-11-16T17:52:17 EET" name="login" finished-at="2022-11-16T17:52:29 EET" duration-ms="12127" status="PASS">
          <reporter-output>
          </reporter-output>
        </test-method> <!-- login -->
        <test-method signature="Testtitle()[pri:0, instance:driver.Html@6e20b53a]" started-at="2022-11-16T17:52:29 EET" name="Testtitle" finished-at="2022-11-16T17:52:29 EET" duration-ms="33" status="PASS">
          <reporter-output>
          </reporter-output>
        </test-method> <!-- Testtitle -->
      </class> <!-- driver.Html -->
    </test> <!-- Default test -->
  </suite> <!-- Default suite -->
</testng-results>
